<?xml version="1.0" encoding="UTF-8"?>
<!-- Generated by org.testng.reporters.JUnitReportReporter -->
<testsuite hostname="mds040614" name="br.gov.mds.regressao.IntegracaoJenkins" tests="1" failures="0" timestamp="10 Jun 2016 21:24:38 GMT" time="1.556" errors="0">
  <testcase name="testeTitulo" time="1.556" classname="br.gov.mds.regressao.IntegracaoJenkins"/>
</testsuite> <!-- br.gov.mds.regressao.IntegracaoJenkins -->
