<?xml version="1.0" encoding="UTF-8"?>
<!-- Generated by org.testng.reporters.JUnitReportReporter -->
<testsuite hostname="mds040614" name="br.gov.mds.desempenho.IntegracaoJenkins" tests="1" failures="0" timestamp="10 Jun 2016 21:24:38 GMT" time="1.538" errors="0">
  <testcase name="testeDesempenhoTitulo" time="1.538" classname="br.gov.mds.desempenho.IntegracaoJenkins"/>
</testsuite> <!-- br.gov.mds.desempenho.IntegracaoJenkins -->
